e:\slc\2022\game 202 (sdl)\2022\labs\lab5\lab5-part4\x64\debug\vc142.pdb
e:\slc\2022\game 202 (sdl)\2022\labs\lab5\lab5-part4\x64\debug\vc142.idb
e:\slc\2022\game 202 (sdl)\2022\labs\lab5\lab5-part4\x64\debug\cspritesheet.obj
e:\slc\2022\game 202 (sdl)\2022\labs\lab5\lab5-part4\x64\debug\cscroll_player.obj
e:\slc\2022\game 202 (sdl)\2022\labs\lab5\lab5-part4\x64\debug\cplayer.obj
e:\slc\2022\game 202 (sdl)\2022\labs\lab5\lab5-part4\x64\debug\capp_onrender.obj
e:\slc\2022\game 202 (sdl)\2022\labs\lab5\lab5-part4\x64\debug\capp_onloop.obj
e:\slc\2022\game 202 (sdl)\2022\labs\lab5\lab5-part4\x64\debug\capp_oninit.obj
e:\slc\2022\game 202 (sdl)\2022\labs\lab5\lab5-part4\x64\debug\capp_onevent.obj
e:\slc\2022\game 202 (sdl)\2022\labs\lab5\lab5-part4\x64\debug\capp_oncleanup.obj
e:\slc\2022\game 202 (sdl)\2022\labs\lab5\lab5-part4\x64\debug\capp.obj
e:\slc\2022\game 202 (sdl)\2022\labs\lab5\lab5-part4\x64\debug\lab5-part4.ilk
e:\slc\2022\game 202 (sdl)\2022\labs\lab5\lab5-part4\x64\debug\lab5-part4.exe
e:\slc\2022\game 202 (sdl)\2022\labs\lab5\lab5-part4\x64\debug\lab5-part4.pdb
e:\slc\2022\game 202 (sdl)\2022\labs\lab5\lab5-part4\x64\debug\lab5-part4.tlog\cl.command.1.tlog
e:\slc\2022\game 202 (sdl)\2022\labs\lab5\lab5-part4\x64\debug\lab5-part4.tlog\cl.read.1.tlog
e:\slc\2022\game 202 (sdl)\2022\labs\lab5\lab5-part4\x64\debug\lab5-part4.tlog\cl.write.1.tlog
e:\slc\2022\game 202 (sdl)\2022\labs\lab5\lab5-part4\x64\debug\lab5-part4.tlog\link.command.1.tlog
e:\slc\2022\game 202 (sdl)\2022\labs\lab5\lab5-part4\x64\debug\lab5-part4.tlog\link.read.1.tlog
e:\slc\2022\game 202 (sdl)\2022\labs\lab5\lab5-part4\x64\debug\lab5-part4.tlog\link.write.1.tlog
